[2022-09-23T21:10:12.748091+02:00] utente.INFO: pippo.io@gmail.com collegato [] []
[2022-09-23T21:10:18.401233+02:00] utente.INFO: utente scollegato pippo.io@gmail.com [] []
[2022-09-23T21:16:56.829229+02:00] utente.INFO: pippo.io@gmail.com collegato [] []
[2022-09-23T21:18:43.915742+02:00] utente.INFO: Utente: pippo.io@gmail.com caricata immagine con identificativo comp4789 [] []
[2022-09-23T21:18:43.931456+02:00] utente.INFO: Utente: pippo.io@gmail.com Inserito nuovo reperto con identificativo comp4789 [] []
[2022-09-24T11:20:17.107236+02:00] utente.WARNING: Login Fallito! [] []
[2022-09-25T21:15:26.092818+02:00] utente.INFO: pippo.io@gmail.com collegato [] []
[2022-09-25T21:15:26.892158+02:00] utente.INFO: Utente scollegato pippo.io@gmail.com [] []
[2022-09-26T10:17:48.734717+02:00] utente.INFO: Utente: pippo.io@gmail.com Inserito nuovo reperto con identificativo rivi24390P [] []
[2022-09-26T10:21:40.569969+02:00] utente.INFO: pippo.io@gmail.com collegato [] []
[2022-09-26T10:21:42.012505+02:00] utente.INFO: Utente scollegato pippo.io@gmail.com [] []
[2022-09-26T10:22:05.044467+02:00] utente.INFO: pippo.io@gmail.com collegato [] []
[2022-09-28T18:44:49.073235+02:00] utente.INFO: Utente: pippo.io@gmail.com Inserito nuovo reperto con identificativo perifM02 [] []
[2022-09-28T18:44:49.075705+02:00] utente.INFO: Utente: pippo.io@gmail.com caricata immagine con identificativo perifM02 [] []
[2022-09-28T18:48:20.144752+02:00] utente.INFO: Utente: pippo.io@gmail.com Inserito nuovo reperto con identificativo perifM02 [] []
[2022-09-28T18:48:20.148000+02:00] utente.INFO: Utente: pippo.io@gmail.com caricata immagine con identificativo perifM02 [] []
[2022-09-28T18:53:57.498563+02:00] utente.WARNING: Utente: pippo.io@gmail.com Inserimento reperot fallito [] []
[2022-09-28T19:11:20.121446+02:00] utente.INFO: Utente pippo.io@gmail.com ha eliminato l'immagine: comp4789_01.jpg [] []
[2022-09-28T20:22:53.801401+02:00] utente.INFO: pippo.io@gmail.com collegato [] []
[2022-09-28T20:23:59.660973+02:00] utente.INFO: Utente: pippo.io@gmail.com caricata immagine con identificativo Comp5454 [] []
[2022-09-28T20:24:12.703347+02:00] utente.INFO: Utente pippo.io@gmail.com ha eliminato l'immagine: Comp5454_01.jpg [] []
[2022-09-28T20:24:57.747983+02:00] utente.INFO: pippo.io@gmail.com collegato [] []
[2022-09-28T20:25:18.030527+02:00] utente.INFO: Utente: pippo.io@gmail.com caricata immagine con identificativo Comp5454 [] []
[2022-09-28T20:25:34.690482+02:00] utente.INFO: Utente pippo.io@gmail.com ha eliminato l'immagine: Comp5454_01.jpg [] []
[2022-09-28T20:25:50.081343+02:00] utente.INFO: Utente pippo.io@gmail.com ha eliminato l'immagine: Comp5454_01.jpg [] []
[2022-09-28T20:26:19.851393+02:00] utente.INFO: Utente: pippo.io@gmail.com caricata immagine con identificativo Comp989 [] []
[2022-09-28T20:26:43.842791+02:00] utente.INFO: Utente pippo.io@gmail.com ha eliminato l'immagine: Comp989_02.jpg [] []
[2022-09-28T20:27:11.141424+02:00] utente.INFO: Utente pippo.io@gmail.com ha eliminato l'immagine: Comp989_02.jpg [] []
[2022-09-28T20:39:19.296092+02:00] utente.INFO: Utente: pippo.io@gmail.com ha modificato il reperto con id comp4789 [] []
[2022-09-28T20:39:56.373705+02:00] utente.INFO: Utente: pippo.io@gmail.com ha modificato il reperto con id Comp324432 [] []
[2022-09-28T20:42:07.434327+02:00] utente.INFO: Utente: pippo.io@gmail.com ha modificato il reperto con id Comp444444 [] []
[2022-09-28T20:44:49.835963+02:00] utente.INFO: Utente: pippo.io@gmail.com ha modificato il reperto con id Comp444444 [] []
[2022-09-28T20:46:26.408814+02:00] utente.INFO: Utente: pippo.io@gmail.com ha modificato il reperto con id Comp5454 [] []
[2022-09-28T21:02:56.201302+02:00] utente.INFO: Utente: pippo.io@gmail.com ha modificato il reperto con id Comp989 [] []
[2022-09-28T21:04:11.349928+02:00] utente.INFO: Utente: pippo.io@gmail.com ha modificato il reperto con id soft32324 [] []
[2022-09-28T21:04:16.834814+02:00] utente.INFO: Utente scollegato pippo.io@gmail.com [] []
[2022-09-28T21:13:27.070614+02:00] utente.INFO: pippo.io@gmail.com collegato [] []
[2022-09-28T21:41:05.356690+02:00] utente.INFO: Utente pippo.io@gmail.com ha eliminato l'immagine: Comp23332_02.jpg [] []
[2022-09-28T21:41:23.419356+02:00] utente.INFO: pippo.io@gmail.com collegato [] []
[2022-09-28T21:44:03.987300+02:00] utente.INFO: Utente: pippo.io@gmail.com ha modificato il reperto con id Comp5454 [] []
[2022-09-28T21:44:03.992597+02:00] utente.INFO: Utente: pippo.io@gmail.com caricata immagine con identificativo Comp5454 [] []
[2022-09-28T21:44:17.504074+02:00] utente.INFO: Utente pippo.io@gmail.com ha eliminato l'immagine: Comp5454_01.jpg [] []
[2022-09-28T21:44:24.951117+02:00] utente.INFO: Utente pippo.io@gmail.com ha eliminato l'immagine: Comp5454_01.jpg [] []
[2022-09-28T21:45:08.895253+02:00] utente.INFO: Utente pippo.io@gmail.com ha eliminato l'immagine: Comp5454_01.jpg [] []
[2022-09-28T21:46:48.282057+02:00] utente.INFO: Utente: pippo.io@gmail.com Inserito nuovo reperto con identificativo Comp1111 [] []
[2022-09-28T21:51:22.380842+02:00] utente.INFO: Utente: pippo.io@gmail.com Inserito nuovo reperto con identificativo rivi456 [] []
[2022-09-28T21:53:09.587963+02:00] utente.INFO: Utente scollegato pippo.io@gmail.com [] []
[2022-09-29T08:35:05.071064+02:00] utente.INFO: pippo.io@gmail.com collegato [] []
[2022-09-29T08:57:31.441994+02:00] utente.INFO: Utente: pippo.io@gmail.com Inserito nuovo reperto con identificativo Comp78789 [] []
[2022-09-29T08:58:05.884950+02:00] utente.INFO: Utente: pippo.io@gmail.com Inserito nuovo reperto con identificativo Comp1111 [] []
[2022-09-29T08:58:54.197140+02:00] utente.INFO: Utente: pippo.io@gmail.com Inserito nuovo reperto con identificativo Comp023 [] []
[2022-09-29T11:33:06.368389+02:00] utente.INFO: Utente pippo.io@gmail.com ha eliminato il reperto: Comp23332 [] []
[2022-09-29T11:34:15.938482+02:00] utente.INFO: Utente pippo.io@gmail.com ha eliminato il reperto: Comp023 [] []
[2022-09-29T11:34:57.401571+02:00] utente.INFO: Utente: pippo.io@gmail.com ha modificato il reperto con id Compkkjk [] []
[2022-09-29T11:34:57.404051+02:00] utente.INFO: Utente: pippo.io@gmail.com caricata immagine con identificativo Compkkjk [] []
[2022-09-29T11:36:12.906189+02:00] utente.INFO: Utente pippo.io@gmail.com ha eliminato il reperto: Comp1111 [] []
[2022-09-29T11:37:38.684947+02:00] utente.INFO: Utente: pippo.io@gmail.com ha modificato il reperto con id Comp9819 [] []
[2022-09-29T11:37:38.688338+02:00] utente.INFO: Utente: pippo.io@gmail.com caricata immagine con identificativo Comp9819 [] []
[2022-09-29T11:37:52.628968+02:00] utente.INFO: Utente pippo.io@gmail.com ha eliminato l'immagine: Compkkjk_01.jpg [] []
[2022-09-29T11:37:58.771321+02:00] utente.INFO: Utente pippo.io@gmail.com ha eliminato l'immagine: Compkkjk_01.jpg [] []
[2022-09-29T11:44:31.069781+02:00] utente.INFO: Utente: pippo.io@gmail.com ha modificato il reperto con id Compkkjk [] []
[2022-09-29T11:44:31.072578+02:00] utente.INFO: Utente: pippo.io@gmail.com caricata immagine con identificativo Compkkjk [] []
[2022-09-29T11:44:56.602247+02:00] utente.INFO: Utente: pippo.io@gmail.com ha modificato il reperto con id Comp9819 [] []
[2022-09-29T11:44:56.605145+02:00] utente.INFO: Utente: pippo.io@gmail.com caricata immagine con identificativo Comp9819 [] []
[2022-09-29T11:45:09.633276+02:00] utente.INFO: Utente pippo.io@gmail.com ha eliminato l'immagine: Comp9819_02.jpg [] []
[2022-09-29T11:45:09.665435+02:00] utente.INFO: Utente pippo.io@gmail.com ha eliminato l'immagine: Comp9819_02.jpg [] []
[2022-09-29T11:45:21.790205+02:00] utente.INFO: Utente pippo.io@gmail.com ha eliminato il reperto: Comp78789 [] []
[2022-09-30T20:22:01.867126+02:00] utente.INFO: pippo.io@gmail.com collegato [] []
[2022-10-01T11:15:59.449960+02:00] utente.WARNING: Login Fallito! [] []
[2022-10-01T11:15:59.449960+02:00] utente.WARNING: Login Fallito! [] []
[2022-10-01T11:16:03.941122+02:00] utente.INFO: pippo.io@gmail.com collegato [] []
[2022-10-01T11:16:46.609053+02:00] utente.INFO: Utente: pippo.io@gmail.com ha modificato il reperto con id li655656 [] []
[2022-10-01T11:17:15.929249+02:00] utente.INFO: Utente: pippo.io@gmail.com ha modificato il reperto con id li655656 [] []
[2022-10-01T11:17:15.935913+02:00] utente.INFO: Utente: pippo.io@gmail.com caricata immagine con identificativo li655656 [] []
[2022-10-01T11:17:24.373611+02:00] utente.INFO: Utente pippo.io@gmail.com ha eliminato l'immagine: li655656_02.jpg [] []
[2022-10-01T11:17:24.406179+02:00] utente.INFO: Utente pippo.io@gmail.com ha eliminato l'immagine: li655656_02.jpg [] []
[2022-10-02T14:31:24.835592+02:00] utente.INFO: pippo.io@gmail.com collegato [] []
[2022-10-02T21:06:42.229974+02:00] utente.INFO: Utente scollegato pippo.io@gmail.com [] []
[2022-10-02T21:06:57.423311+02:00] utente.INFO: pippo.io@gmail.com collegato [] []
[2022-10-02T21:20:36.640369+02:00] utente.INFO: Utente: pippo.io@gmail.com ha modificato il reperto con id  [] []
[2022-10-02T21:23:06.767145+02:00] utente.INFO: Utente: pippo.io@gmail.com ha modificato il reperto con id Comp5454 [] []
[2022-10-02T21:23:06.769840+02:00] utente.INFO: Utente: pippo.io@gmail.com caricata immagine con identificativo Comp5454 [] []
[2022-10-02T21:24:50.582322+02:00] utente.INFO: Utente: pippo.io@gmail.com ha modificato il reperto con id Comp1111 [] []
[2022-10-02T21:24:50.584629+02:00] utente.INFO: Utente: pippo.io@gmail.com caricata immagine con identificativo Comp1111 [] []
[2022-10-02T21:25:02.292524+02:00] utente.INFO: Utente pippo.io@gmail.com ha eliminato l'immagine: Comp1111_01.jpg [] []
[2022-10-02T21:25:02.321782+02:00] utente.INFO: Utente pippo.io@gmail.com ha eliminato l'immagine: Comp1111_01.jpg [] []
[2022-10-03T08:54:17.742152+02:00] utente.INFO: pippo.io@gmail.com collegato [] []
[2022-10-03T08:54:24.594557+02:00] utente.INFO: Utente scollegato pippo.io@gmail.com [] []
[2022-10-03T08:56:30.825542+02:00] utente.INFO: pippo.io@gmail.com collegato [] []
[2022-10-03T08:58:43.880374+02:00] utente.INFO: Utente scollegato pippo.io@gmail.com [] []
[2022-10-03T09:09:26.579220+02:00] utente.INFO: pippo.io@gmail.com collegato [] []
[2022-10-03T09:09:54.784925+02:00] utente.INFO: Utente: pippo.io@gmail.com ha modificato il reperto con id Comp452 [] []
[2022-10-03T09:10:48.929594+02:00] utente.INFO: Utente: pippo.io@gmail.com ha modificato il reperto con id Comp452 [] []
[2022-10-03T09:12:35.317795+02:00] utente.INFO: Utente: pippo.io@gmail.com ha modificato il reperto con id Comp452 [] []
[2022-10-03T09:15:03.221975+02:00] utente.INFO: Utente: pippo.io@gmail.com ha modificato il reperto con id Comp452 [] []
[2022-10-03T09:18:19.164574+02:00] utente.INFO: Utente: pippo.io@gmail.com ha modificato il reperto con id Comp452 [] []
[2022-10-03T09:19:51.130015+02:00] utente.INFO: Utente: pippo.io@gmail.com ha modificato il reperto con id Comp452 [] []
[2022-10-03T09:22:06.975763+02:00] utente.INFO: Utente: pippo.io@gmail.com ha modificato il reperto con id Comp452 [] []
[2022-10-03T09:23:10.412638+02:00] utente.INFO: Utente: pippo.io@gmail.com ha modificato il reperto con id Comp452 [] []
[2022-10-03T09:24:00.686682+02:00] utente.INFO: Utente: pippo.io@gmail.com ha modificato il reperto con id Comp452 [] []
[2022-10-03T09:27:02.191138+02:00] utente.INFO: Utente: pippo.io@gmail.com ha modificato il reperto con id Comp452 [] []
[2022-10-03T09:28:50.502970+02:00] utente.INFO: Utente: pippo.io@gmail.com ha modificato il reperto con id Comp452 [] []
[2022-10-03T09:28:53.835237+02:00] utente.INFO: Utente scollegato pippo.io@gmail.com [] []
[2022-10-03T09:29:07.339003+02:00] utente.INFO: pippo.io@gmail.com collegato [] []
[2022-10-03T09:29:28.896386+02:00] utente.INFO: Utente: pippo.io@gmail.com ha modificato il reperto con id Compkkjk [] []
[2022-10-03T09:29:28.899710+02:00] utente.INFO: Utente: pippo.io@gmail.com caricata immagine con identificativo Compkkjk [] []
[2022-10-03T09:29:40.550005+02:00] utente.INFO: Utente pippo.io@gmail.com ha eliminato l'immagine: Compkkjk_01.jpg [] []
[2022-10-03T09:29:40.599840+02:00] utente.INFO: Utente pippo.io@gmail.com ha eliminato l'immagine: Compkkjk_01.jpg [] []
[2022-10-03T09:29:46.130495+02:00] utente.INFO: Utente pippo.io@gmail.com ha eliminato il reperto: Comp324432 [] []
[2022-10-03T09:29:51.811338+02:00] utente.INFO: Utente scollegato pippo.io@gmail.com [] []
[2022-10-03T09:36:58.285913+02:00] utente.INFO: pippo.io@gmail.com collegato [] []
[2022-10-03T09:37:17.830955+02:00] utente.WARNING: Utente: pippo.io@gmail.com Inserimento reperto fallito [] []
[2022-10-03T09:37:17.830955+02:00] utente.WARNING: Utente: pippo.io@gmail.com Inserimento reperto fallito [] []
[2022-10-03T09:37:23.414399+02:00] utente.INFO: Utente scollegato pippo.io@gmail.com [] []
[2022-10-03T10:45:20.156026+02:00] utente.INFO: pippo.io@gmail.com collegato [] []
[2022-10-03T10:45:26.109995+02:00] utente.INFO: pippo.io@gmail.com collegato [] []
[2022-10-03T10:49:25.126016+02:00] utente.INFO: pippo.io@gmail.com collegato [] []
[2022-10-03T10:50:42.477725+02:00] utente.INFO: Utente scollegato pippo.io@gmail.com [] []
[2022-10-03T10:50:48.006963+02:00] utente.INFO: pippo.io@gmail.com collegato [] []
[2022-10-03T10:51:23.058945+02:00] utente.INFO: Utente: pippo.io@gmail.com Inserito nuovo reperto con identificativo rivi11Pr [] []
[2022-10-03T11:25:57.459369+02:00] utente.INFO: Utente scollegato pippo.io@gmail.com [] []
[2022-10-03T11:30:30.584568+02:00] utente.INFO: pippo.io@gmail.com collegato [] []
[2022-10-03T11:31:57.010112+02:00] utente.INFO: Utente: pippo.io@gmail.com Inserito nuovo reperto con identificativo Peri12prova [] []
[2022-10-03T11:31:57.012526+02:00] utente.INFO: Utente: pippo.io@gmail.com caricata immagine con identificativo Peri12prova [] []
[2022-10-03T11:35:56.866851+02:00] utente.WARNING: Utente: pippo.io@gmail.com Inserimento reperto fallito [] []
[2022-10-03T11:35:56.866851+02:00] utente.WARNING: Utente: pippo.io@gmail.com Inserimento reperto fallito [] []
[2022-10-03T11:36:27.803801+02:00] utente.INFO: Utente: pippo.io@gmail.com ha modificato il reperto con id Peri12prova [] []
[2022-10-03T11:36:27.806563+02:00] utente.WARNING: Utente: pippo.io@gmail.comil file non ha un esetensione valida [] []
[2022-10-03T11:36:27.806563+02:00] utente.WARNING: Utente: pippo.io@gmail.comil file non ha un esetensione valida [] []
[2022-10-03T11:36:43.381536+02:00] utente.INFO: Utente: pippo.io@gmail.com ha modificato il reperto con id Peri12prova [] []
[2022-10-03T11:36:43.384136+02:00] utente.INFO: Utente: pippo.io@gmail.com caricata immagine con identificativo Peri12prova [] []
[2022-10-03T11:45:06.146516+02:00] utente.INFO: Utente: pippo.io@gmail.com Inserito nuovo reperto con identificativo rivi12prova [] []
[2022-10-03T11:45:49.695497+02:00] utente.WARNING: Utente: pippo.io@gmail.com Inserimento reperto fallito [] []
[2022-10-03T11:45:49.695497+02:00] utente.WARNING: Utente: pippo.io@gmail.com Inserimento reperto fallito [] []
[2022-10-03T11:45:54.325551+02:00] utente.INFO: Utente scollegato pippo.io@gmail.com [] []
[2022-10-03T12:13:39.909380+02:00] utente.INFO: pippo.io@gmail.com collegato [] []
[2022-10-03T12:14:20.081111+02:00] utente.INFO: Utente: pippo.io@gmail.com ha modificato il reperto con id Comp989 [] []
[2022-10-03T12:14:20.084588+02:00] utente.INFO: Utente: pippo.io@gmail.com caricata immagine con identificativo Comp989 [] []
[2022-10-03T12:35:42.139252+02:00] utente.INFO: Utente: pippo.io@gmail.com ha modificato il reperto con id Comp989 [] []
[2022-10-03T12:35:42.142259+02:00] utente.INFO: Utente: pippo.io@gmail.com caricata immagine con identificativo Comp989 [] []
[2022-10-03T12:35:45.320063+02:00] utente.INFO: Utente scollegato pippo.io@gmail.com [] []
[2022-10-03T12:41:09.463695+02:00] utente.INFO: pippo.io@gmail.com collegato [] []
[2022-10-03T12:41:51.103640+02:00] utente.INFO: Utente: pippo.io@gmail.com Inserito nuovo reperto con identificativo Comp123 [] []
[2022-10-03T12:42:01.846112+02:00] utente.INFO: Utente scollegato pippo.io@gmail.com [] []
[2022-10-03T12:57:53.211356+02:00] utente.INFO: pippo.io@gmail.com collegato [] []
[2022-10-03T12:58:04.097147+02:00] utente.INFO: Utente: pippo.io@gmail.com ha modificato il reperto con id Comp123 [] []
[2022-10-03T12:58:06.244969+02:00] utente.INFO: Utente scollegato pippo.io@gmail.com [] []
[2022-10-03T16:45:44.465312+02:00] utente.INFO: pippo.io@gmail.com collegato [] []
[2022-10-04T09:35:54.578518+02:00] utente.INFO: pippo.io@gmail.com collegato [] []
[2022-10-04T09:36:13.922461+02:00] utente.INFO: Utente scollegato pippo.io@gmail.com [] []
